2023-08-02 16:47:02,906 INFO  [org.jboss.modules] (CLI command executor) JBoss Modules version 2.0.2.Final
2023-08-02 16:47:02,935 INFO  [org.jboss.msc] (CLI command executor) JBoss MSC version 1.4.13.Final
2023-08-02 16:47:02,940 INFO  [org.jboss.threads] (CLI command executor) JBoss Threads version 2.4.0.Final
2023-08-02 16:47:03,000 INFO  [org.jboss.as] (MSC service thread 1-2) WFLYSRV0049: WildFly Full 26.1.3.Final (WildFly Core 18.1.2.Final) starting
2023-08-02 16:47:03,000 DEBUG [org.jboss.as.config] (MSC service thread 1-2) Configured system properties:
	com.ibm.jsse2.overrideDefaultTLS = true
	file.encoding = UTF-8
	file.separator = /
	java.class.path = /home/aleph/code/github/redhat/casual-integration-test/local_reproducer/wildfly-26.1.3.Final/jboss-modules.jar
	java.class.version = 61.0
	java.home = /usr/lib/jvm/temurin-17-jdk-amd64
	java.io.tmpdir = /tmp
	java.library.path = /usr/java/packages/lib:/usr/lib64:/lib64:/lib:/usr/lib
	java.runtime.name = OpenJDK Runtime Environment
	java.runtime.version = 17.0.7+7
	java.specification.name = Java Platform API Specification
	java.specification.vendor = Oracle Corporation
	java.specification.version = 17
	java.util.logging.manager = org.jboss.logmanager.LogManager
	java.vendor = Eclipse Adoptium
	java.vendor.url = https://adoptium.net/
	java.vendor.url.bug = https://github.com/adoptium/adoptium-support/issues
	java.vendor.version = Temurin-17.0.7+7
	java.version = 17.0.7
	java.version.date = 2023-04-18
	java.vm.compressedOopsMode = Zero based
	java.vm.info = mixed mode, sharing
	java.vm.name = OpenJDK 64-Bit Server VM
	java.vm.specification.name = Java Virtual Machine Specification
	java.vm.specification.vendor = Oracle Corporation
	java.vm.specification.version = 17
	java.vm.vendor = Eclipse Adoptium
	java.vm.version = 17.0.7+7
	jboss.home.dir = /home/aleph/code/github/redhat/casual-integration-test/local_reproducer/wildfly-26.1.3.Final
	jboss.host.name = morpehus-strix-gl704gv-gl704gv
	jboss.modules.dir = /home/aleph/code/github/redhat/casual-integration-test/local_reproducer/wildfly-26.1.3.Final/modules
	jboss.modules.system.pkgs = com.sun.java.swing
	jboss.node.name = morpehus-strix-gl704gv-gl704gv
	jboss.qualified.host.name = morpehus-strix-gl704gv-gl704gv
	jboss.server.base.dir = /home/aleph/code/github/redhat/casual-integration-test/local_reproducer/wildfly-26.1.3.Final/standalone
	jboss.server.config.dir = /home/aleph/code/github/redhat/casual-integration-test/local_reproducer/wildfly-26.1.3.Final/standalone/configuration
	jboss.server.content.dir = /home/aleph/code/github/redhat/casual-integration-test/local_reproducer/wildfly-26.1.3.Final/standalone/data/content
	jboss.server.data.dir = /home/aleph/code/github/redhat/casual-integration-test/local_reproducer/wildfly-26.1.3.Final/standalone/data
	jboss.server.deploy.dir = /home/aleph/code/github/redhat/casual-integration-test/local_reproducer/wildfly-26.1.3.Final/standalone/data/content
	jboss.server.log.dir = /home/aleph/code/github/redhat/casual-integration-test/local_reproducer/wildfly-26.1.3.Final/standalone/log
	jboss.server.name = morpehus-strix-gl704gv-gl704gv
	jboss.server.persist.config = true
	jboss.server.temp.dir = /home/aleph/code/github/redhat/casual-integration-test/local_reproducer/wildfly-26.1.3.Final/standalone/tmp
	jdk.debug = release
	line.separator = 

	logging.configuration = file:/home/aleph/code/github/redhat/casual-integration-test/local_reproducer/wildfly-26.1.3.Final/bin/jboss-cli-logging.properties
	module.path = /home/aleph/code/github/redhat/casual-integration-test/local_reproducer/wildfly-26.1.3.Final/modules
	native.encoding = UTF-8
	org.jboss.boot.log.file = /home/aleph/code/github/redhat/casual-integration-test/local_reproducer/wildfly-26.1.3.Final/standalone/log/server.log
	org.jboss.resolver.warning = true
	org.wildfly.logging.embedded = false
	os.arch = amd64
	os.name = Linux
	os.version = 5.19.0-29-generic
	path.separator = :
	sun.arch.data.model = 64
	sun.boot.library.path = /usr/lib/jvm/temurin-17-jdk-amd64/lib
	sun.cpu.endian = little
	sun.io.unicode.encoding = UnicodeLittle
	sun.java.command = /home/aleph/code/github/redhat/casual-integration-test/local_reproducer/wildfly-26.1.3.Final/jboss-modules.jar -mp /home/aleph/code/github/redhat/casual-integration-test/local_reproducer/wildfly-26.1.3.Final/modules org.jboss.as.cli --echo-command --commands=embed-server --server-config=standalone-full.xml, module add --name=se.laz.casual --resources=/home/aleph/code/github/redhat/casual-integration-test/local_reproducer/wildfly-26.1.3.Final/casual/casual-inbound-handler-api-2.2.15.jar:/home/aleph/code/github/redhat/casual-integration-test/local_reproducer/wildfly-26.1.3.Final/casual/casual-fielded-annotations-2.2.15.jar:/home/aleph/code/github/redhat/casual-integration-test/local_reproducer/wildfly-26.1.3.Final/casual/casual-service-discovery-extension-2.2.15.jar:/home/aleph/code/github/redhat/casual-integration-test/local_reproducer/wildfly-26.1.3.Final/casual/casual-api-2.2.15.jar:/home/aleph/code/github/redhat/casual-integration-test/local_reproducer/wildfly-26.1.3.Final/casual/gson-2.10.1.jar --dependencies=javaee.api\,sun.jdk
	sun.java.launcher = SUN_STANDARD
	sun.jnu.encoding = UTF-8
	sun.management.compiler = HotSpot 64-Bit Tiered Compilers
	sun.stderr.encoding = UTF-8
	sun.stdout.encoding = UTF-8
	user.country = US
	user.dir = /home/aleph/code/github/redhat/casual-integration-test/local_reproducer
	user.home = /home/aleph
	user.language = en
	user.name = aleph
	user.timezone = Europe/Stockholm
2023-08-02 16:47:03,001 DEBUG [org.jboss.as.config] (MSC service thread 1-2) VM Arguments: --add-exports=java.desktop/sun.awt=ALL-UNNAMED --add-exports=java.naming/com.sun.jndi.ldap=ALL-UNNAMED --add-exports=java.naming/com.sun.jndi.url.ldap=ALL-UNNAMED --add-exports=java.naming/com.sun.jndi.url.ldaps=ALL-UNNAMED --add-opens=java.base/java.lang=ALL-UNNAMED --add-opens=java.base/java.lang.invoke=ALL-UNNAMED --add-opens=java.base/java.lang.reflect=ALL-UNNAMED --add-opens=java.base/java.io=ALL-UNNAMED --add-opens=java.base/java.security=ALL-UNNAMED --add-opens=java.base/java.util=ALL-UNNAMED --add-opens=java.base/java.util.concurrent=ALL-UNNAMED --add-opens=java.management/javax.management=ALL-UNNAMED --add-opens=java.naming/javax.naming=ALL-UNNAMED -Djboss.modules.system.pkgs=com.sun.java.swing -Dcom.ibm.jsse2.overrideDefaultTLS=true -Dlogging.configuration=file:/home/aleph/code/github/redhat/casual-integration-test/local_reproducer/wildfly-26.1.3.Final/bin/jboss-cli-logging.properties 
2023-08-02 16:47:03,343 INFO  [org.wildfly.security] (ServerService Thread Pool -- 26) ELY00001: WildFly Elytron version 1.19.1.Final
2023-08-02 16:47:03,748 WARN  [org.wildfly.extension.elytron] (MSC service thread 1-4) WFLYELY00023: KeyStore file '/home/aleph/code/github/redhat/casual-integration-test/local_reproducer/wildfly-26.1.3.Final/standalone/configuration/application.keystore' does not exist. Used blank.
2023-08-02 16:47:03,753 WARN  [org.wildfly.extension.elytron] (MSC service thread 1-1) WFLYELY01084: KeyStore /home/aleph/code/github/redhat/casual-integration-test/local_reproducer/wildfly-26.1.3.Final/standalone/configuration/application.keystore not found, it will be auto generated on first use with a self-signed certificate for host localhost
2023-08-02 16:47:03,766 INFO  [org.jboss.as.patching] (MSC service thread 1-2) WFLYPAT0050: WildFly Full cumulative patch ID is: base, one-off patches include: none
2023-08-02 16:47:03,851 INFO  [org.jboss.as.server] (Controller Boot Thread) WFLYSRV0212: Resuming server
2023-08-02 16:47:03,852 INFO  [org.jboss.as] (Controller Boot Thread) WFLYSRV0025: WildFly Full 26.1.3.Final (WildFly Core 18.1.2.Final) started in 943ms - Started 50 of 76 services (27 services are lazy, passive or on-demand) - Server configuration file in use: standalone-full.xml
2023-08-02 16:47:03,903 INFO  [org.jboss.as] (MSC service thread 1-1) WFLYSRV0050: WildFly Full 26.1.3.Final (WildFly Core 18.1.2.Final) stopped in 15ms
